<?xml version="1.0" encoding="UTF-8"?>
<!-- Generated by org.testng.reporters.JUnitReportReporter -->
<testsuite hostname="LAPTOP-RLJE24E7" failures="0" tests="2" name="com.testcases.TC04_PATCHRequest" time="2.235" errors="0" timestamp="17 Feb 2025 05:41:30 GMT" skipped="0">
  <testcase classname="com.testcases.TC04_PATCHRequest" name="updateEmployee" time="0.434"/>
  <testcase classname="com.testcases.TC04_PATCHRequest" name="updateEmployee" time="1.801"/>
</testsuite> <!-- com.testcases.TC04_PATCHRequest -->
