<?xml version="1.0" encoding="UTF-8"?>
<!-- Generated by org.testng.reporters.JUnitReportReporter -->
<testsuite hostname="LAPTOP-RLJE24E7" failures="0" tests="2" name="com.testcases.TC02_POSTRequest" time="2.369" errors="0" timestamp="17 Feb 2025 05:13:51 GMT" skipped="0">
  <testcase classname="com.testcases.TC02_POSTRequest" name="createEmployee" time="2.036"/>
  <testcase classname="com.testcases.TC02_POSTRequest" name="createEmployee" time="0.333"/>
</testsuite> <!-- com.testcases.TC02_POSTRequest -->
