<?xml version="1.0" encoding="UTF-8"?>
<!-- Generated by org.testng.reporters.JUnitReportReporter -->
<testsuite hostname="LAPTOP-RLJE24E7" failures="0" tests="1" name="com.testcases.TC01_GETRequest" time="1.808" errors="0" timestamp="16 Feb 2025 12:21:56 GMT" skipped="0">
  <testcase classname="com.testcases.TC01_GETRequest" name="getEmployeeDetails" time="1.808"/>
</testsuite> <!-- com.testcases.TC01_GETRequest -->
