<?xml version="1.0" encoding="UTF-8"?>
<!-- Generated by org.testng.reporters.JUnitReportReporter -->
<testsuite hostname="LAPTOP-RLJE24E7" failures="0" tests="2" name="com.testcases.TC03_PUTRequest" time="2.465" errors="0" timestamp="17 Feb 2025 05:34:43 GMT" skipped="0">
  <testcase classname="com.testcases.TC03_PUTRequest" name="updateEmployee" time="0.463"/>
  <testcase classname="com.testcases.TC03_PUTRequest" name="updateEmployee" time="2.002"/>
</testsuite> <!-- com.testcases.TC03_PUTRequest -->
